<?xml version="1.0" encoding="UTF-8"?>
<testng-results skipped="0" failed="0" total="1" passed="1">
  <reporter-output>
  </reporter-output>
  <suite name="Default suite" duration-ms="82425" started-at="2017-04-06T09:12:18Z" finished-at="2017-04-06T09:13:40Z">
    <groups>
    </groups>
    <test name="Default test" duration-ms="82425" started-at="2017-04-06T09:12:18Z" finished-at="2017-04-06T09:13:40Z">
      <class name="inputFile.ScriptForJenkins">
        <test-method status="PASS" signature="test()[pri:0, instance:inputFile.ScriptForJenkins@3e6fa38a]" name="test" duration-ms="82399" started-at="2017-04-06T14:42:18Z" finished-at="2017-04-06T14:43:40Z">
          <reporter-output>
          </reporter-output>
        </test-method> <!-- test -->
      </class> <!-- inputFile.ScriptForJenkins -->
    </test> <!-- Default test -->
  </suite> <!-- Default suite -->
</testng-results>
