<?xml version="1.0" encoding="UTF-8"?>
<testng-results skipped="0" failed="0" total="1" passed="1">
  <reporter-output>
  </reporter-output>
  <suite name="Default suite" duration-ms="84431" started-at="2017-04-05T12:05:13Z" finished-at="2017-04-05T12:06:37Z">
    <groups>
    </groups>
    <test name="Default test" duration-ms="84431" started-at="2017-04-05T12:05:13Z" finished-at="2017-04-05T12:06:37Z">
      <class name="inputFile.ScriptForJenkins">
        <test-method status="PASS" signature="test()[pri:0, instance:inputFile.ScriptForJenkins@6f7fd0e6]" name="test" duration-ms="84396" started-at="2017-04-05T17:35:13Z" finished-at="2017-04-05T17:36:37Z">
          <reporter-output>
          </reporter-output>
        </test-method> <!-- test -->
      </class> <!-- inputFile.ScriptForJenkins -->
    </test> <!-- Default test -->
  </suite> <!-- Default suite -->
</testng-results>
